<?xml version="1.0" encoding="UTF-8"?>
<!-- Generated by org.testng.reporters.JUnitReportReporter -->
<testsuite hostname="olesya-comp" failures="0" tests="1" name="com.insider.Insider2.Careers" time="10.302" errors="0" timestamp="28 Oct 2024 17:01:25 GMT" skipped="0">
  <testcase classname="com.insider.Insider2.Careers" name="mainpage" time="10.302"/>
</testsuite> <!-- com.insider.Insider2.Careers -->
