<?xml version="1.0" encoding="UTF-8"?>
<!-- Generated by org.testng.reporters.JUnitReportReporter -->
<testsuite hostname="olesya-comp" failures="0" tests="1" name="APITest.Negative" time="2.116" errors="0" timestamp="01 Nov 2024 12:44:05 GMT" skipped="0">
  <testcase classname="APITest.Negative" name="getPetById" time="2.116"/>
</testsuite> <!-- APITest.Negative -->
