<?xml version="1.0" encoding="UTF-8"?>
<!-- Generated by org.testng.reporters.JUnitReportReporter -->
<testsuite hostname="olesya-comp" failures="0" tests="1" name="TestInsider.HRRole" time="16.675" errors="0" timestamp="23 Oct 2024 13:16:29 GMT" skipped="0">
  <testcase classname="TestInsider.HRRole" name="viewrulebutton" time="16.675"/>
</testsuite> <!-- TestInsider.HRRole -->
