<?xml version="1.0" encoding="UTF-8"?>
<!-- Generated by org.testng.reporters.JUnitReportReporter -->
<testsuite hostname="olesya-comp" failures="0" tests="1" name="APITest.Negative" time="0.019" errors="0" timestamp="23 Oct 2024 08:04:23 GMT" skipped="0">
  <testcase classname="APITest.Negative" name="addPet" time="0.019"/>
</testsuite> <!-- APITest.Negative -->
