<?xml version="1.0" encoding="UTF-8"?>
<!-- Generated by org.testng.reporters.JUnitReportReporter -->
<testsuite hostname="olesya-comp" failures="0" tests="1" name="APITest.Json" time="0.283" errors="0" timestamp="18 Oct 2024 15:34:37 GMT" skipped="0">
  <testcase classname="APITest.Json" name="testMethod1" time="0.283"/>
</testsuite> <!-- APITest.Json -->
