<?xml version="1.0" encoding="UTF-8"?>
<!-- Generated by org.testng.reporters.JUnitReportReporter -->
<testsuite hostname="olesya-comp" failures="0" tests="1" name="TestInsider.Careers" time="10.487" errors="0" timestamp="23 Oct 2024 08:23:29 GMT" skipped="0">
  <testcase classname="TestInsider.Careers" name="mainpage" time="10.487"/>
</testsuite> <!-- TestInsider.Careers -->
